<?xml version="1.0" encoding="UTF-8"?>
<!-- Generated by org.testng.reporters.JUnitReportReporter -->
<testsuite skipped="0" hostname="DESKTOP-8M4VIMH" name="practicejenkins.tests" tests="1" failures="0" timestamp="2021-02-22T14:01:58 EST" time="0.008" errors="0">
  <testcase name="method" time="0.008" classname="practicejenkins.tests"/>
  <system-out/>
</testsuite> <!-- practicejenkins.tests -->
